<?xml version="1.0" encoding="UTF-8"?>
<!-- Generated by org.testng.reporters.JUnitReportReporter -->
<testsuite hostname="LAPTOP-VP7T7GP6" failures="0" tests="2" name="MyTestCases.TestMain" time="0.004" errors="0" timestamp="2021-07-17T20:53:11 IST" skipped="0">
  <testcase classname="MyTestCases.TestMain" name="testHelloworld" time="0.004"/>
  <system-out/>
  <testcase classname="MyTestCases.TestMain" name="testHelloworld1" time="0.000"/>
  <system-out/>
</testsuite> <!-- MyTestCases.TestMain -->
